<?xml version="1.0" encoding="UTF-8"?>
<testsuite xmlns:xsi="http://www.w3.org/2001/XMLSchema-instance" xsi:noNamespaceSchemaLocation="https://maven.apache.org/surefire/maven-surefire-plugin/xsd/surefire-test-report-3.0.xsd" version="3.0" name="com.lanlan.cache.core.CuckooHashCacheTest" time="0.103" tests="7" errors="0" skipped="0" failures="0">
  <properties>
[...]
</properties>
  <testcase name="testPutOverwrite" classname="com.lanlan.cache.core.CuckooHashCacheTest" time="0.032"/>
  <testcase name="testPutAndGet" classname="com.lanlan.cache.core.CuckooHashCacheTest" time="0.001"/>
  <testcase name="testGetNonExistentKey" classname="com.lanlan.cache.core.CuckooHashCacheTest" time="0"/>
  <testcase name="testLRUEviction" classname="com.lanlan.cache.core.CuckooHashCacheTest" time="0.008"/>
  <testcase name="testEviction" classname="com.lanlan.cache.core.CuckooHashCacheTest" time="0.001"/>
  <testcase name="testRemove" classname="com.lanlan.cache.core.CuckooHashCacheTest" time="0.001"/>
  <testcase name="testConcurrentAccess" classname="com.lanlan.cache.core.CuckooHashCacheTest" time="0.03"/>
</testsuite>