<?xml version="1.0" encoding="UTF-8"?>
<testsuite xmlns:xsi="http://www.w3.org/2001/XMLSchema-instance" xsi:noNamespaceSchemaLocation="https://maven.apache.org/surefire/maven-surefire-plugin/xsd/surefire-test-report-3.0.xsd" version="3.0" name="com.lanlan.cache.controller.CacheControllerTest" time="0.962" tests="5" errors="0" skipped="0" failures="0">
  <properties>
[...]
</properties>
  <testcase name="testGetStats" classname="com.lanlan.cache.controller.CacheControllerTest" time="0.905"/>
  <testcase name="testPut" classname="com.lanlan.cache.controller.CacheControllerTest" time="0.018"/>
  <testcase name="testGetNonExistentKey" classname="com.lanlan.cache.controller.CacheControllerTest" time="0.002"/>
  <testcase name="testGetExistingKey" classname="com.lanlan.cache.controller.CacheControllerTest" time="0.002"/>
  <testcase name="testRemove" classname="com.lanlan.cache.controller.CacheControllerTest" time="0.001"/>
</testsuite>